#
# There is insufficient memory for the Java Runtime Environment to continue.
# Native memory allocation (malloc) failed to allocate 346560 bytes. Error detail: Chunk::new
# Possible reasons:
#   The system is out of physical RAM or swap space
#   This process is running with CompressedOops enabled, and the Java Heap may be blocking the growth of the native heap
# Possible solutions:
#   Reduce memory load on the system
#   Increase physical memory or swap space
#   Check if swap backing store is full
#   Decrease Java heap size (-Xmx/-Xms)
#   Decrease number of Java threads
#   Decrease Java thread stack sizes (-Xss)
#   Set larger code cache with -XX:ReservedCodeCacheSize=
#   JVM is running with Unscaled Compressed Oops mode in which the Java heap is
#     placed in the first 4GB address space. The Java Heap base address is the
#     maximum limit for the native heap growth. Please use -XX:HeapBaseMinAddress
#     to set the Java Heap base and to place the Java Heap above 4GB virtual address.
# This output file may be truncated or incomplete.
#
#  Out of Memory Error (arena.cpp:149), pid=9852, tid=16872
#
# JRE version: Java(TM) SE Runtime Environment (23.0.1+11) (build 23.0.1+11-39)
# Java VM: Java HotSpot(TM) 64-Bit Server VM (23.0.1+11-39, mixed mode, sharing, tiered, compressed oops, compressed class ptrs, g1 gc, windows-amd64)
# No core dump will be written. Minidumps are not enabled by default on client versions of Windows
#

---------------  S U M M A R Y ------------

Command Line: -Dclassworlds.conf=C:\Users\abuba\.m2\wrapper\dists\apache-maven-3.9.9\977a63e90f436cd6ade95b4c0e10c20c\bin\m2.conf -Dmaven.home=C:\Users\abuba\.m2\wrapper\dists\apache-maven-3.9.9\977a63e90f436cd6ade95b4c0e10c20c -Dlibrary.jansi.path=C:\Users\abuba\.m2\wrapper\dists\apache-maven-3.9.9\977a63e90f436cd6ade95b4c0e10c20c\lib\jansi-native -Dmaven.multiModuleProjectDirectory=F:\clickhouse-flatfile-ingestion\backend org.codehaus.plexus.classworlds.launcher.Launcher -DskipTests=true -Dmaven.ext.class.path=C:\Users\abuba\.vscode\extensions\oracle.oracle-java-23.1.0\nbcode\java\maven-nblib\netbeans-eventspy.jar --no-transfer-progress --fail-at-end install

Host: 11th Gen Intel(R) Core(TM) i3-1115G4 @ 3.00GHz, 4 cores, 7G,  Windows 11 , 64 bit Build 26100 (10.0.26100.3323)
Time: Mon Apr 14 19:42:50 2025 India Standard Time elapsed time: 2.093868 seconds (0d 0h 0m 2s)

---------------  T H R E A D  ---------------

Current thread (0x00000271eb77e410):  JavaThread "C2 CompilerThread0" daemon [_thread_in_native, id=16872, stack(0x000000ae3b900000,0x000000ae3ba00000) (1024K)]


Current CompileTask:
C2:2093 2718       4       com.google.inject.TypeLiteral::<init> (43 bytes)

Stack: [0x000000ae3b900000,0x000000ae3ba00000]
Native frames: (J=compiled Java code, j=interpreted, Vv=VM code, C=native code)
V  [jvm.dll+0x6e08b9]  (no source info available)
V  [jvm.dll+0x87dc83]  (no source info available)
V  [jvm.dll+0x88010e]  (no source info available)
V  [jvm.dll+0x8807e3]  (no source info available)
V  [jvm.dll+0x27aee6]  (no source info available)
V  [jvm.dll+0xbc06f]  (no source info available)
V  [jvm.dll+0xbc2cb]  (no source info available)
V  [jvm.dll+0x3b3a9c]  (no source info available)
V  [jvm.dll+0x38a42b]  (no source info available)
V  [jvm.dll+0x38989a]  (no source info available)
V  [jvm.dll+0x244aa1]  (no source info available)
V  [jvm.dll+0x243dff]  (no source info available)
V  [jvm.dll+0x1c33a0]  (no source info available)
V  [jvm.dll+0x253cf1]  (no source info available)
V  [jvm.dll+0x251faa]  (no source info available)
V  [jvm.dll+0x3ee036]  (no source info available)
V  [jvm.dll+0x824f8b]  (no source info available)
V  [jvm.dll+0x6df065]  (no source info available)
C  [ucrtbase.dll+0x37b0]  (no source info available)
C  [KERNEL32.DLL+0x2e8d7]  (no source info available)
C  [ntdll.dll+0xbbf6c]  (no source info available)

Lock stack of current Java thread (top to bottom):


---------------  P R O C E S S  ---------------

Threads class SMR info:
_java_thread_list=0x00000271c5d1ab70, length=12, elements={
0x00000271ccfca8a0, 0x00000271eb7720b0, 0x00000271eb775930, 0x00000271eb7791b0,
0x00000271eb77a4a0, 0x00000271eb77b250, 0x00000271eb77bed0, 0x00000271eb77e410,
0x00000271eb7ae090, 0x00000271c5106cd0, 0x00000271c510ff90, 0x00000271c5d93a00
}

Java Threads: ( => current thread )
  0x00000271ccfca8a0 JavaThread "main"                              [_thread_in_vm, id=16440, stack(0x000000ae3ab00000,0x000000ae3ac00000) (1024K)]
  0x00000271eb7720b0 JavaThread "Reference Handler"          daemon [_thread_blocked, id=14496, stack(0x000000ae3b300000,0x000000ae3b400000) (1024K)]
  0x00000271eb775930 JavaThread "Finalizer"                  daemon [_thread_blocked, id=13500, stack(0x000000ae3b400000,0x000000ae3b500000) (1024K)]
  0x00000271eb7791b0 JavaThread "Signal Dispatcher"          daemon [_thread_blocked, id=3624, stack(0x000000ae3b500000,0x000000ae3b600000) (1024K)]
  0x00000271eb77a4a0 JavaThread "Attach Listener"            daemon [_thread_blocked, id=11756, stack(0x000000ae3b600000,0x000000ae3b700000) (1024K)]
  0x00000271eb77b250 JavaThread "Service Thread"             daemon [_thread_blocked, id=14188, stack(0x000000ae3b700000,0x000000ae3b800000) (1024K)]
  0x00000271eb77bed0 JavaThread "Monitor Deflation Thread"   daemon [_thread_blocked, id=16824, stack(0x000000ae3b800000,0x000000ae3b900000) (1024K)]
=>0x00000271eb77e410 JavaThread "C2 CompilerThread0"         daemon [_thread_in_native, id=16872, stack(0x000000ae3b900000,0x000000ae3ba00000) (1024K)]
  0x00000271eb7ae090 JavaThread "C1 CompilerThread0"         daemon [_thread_blocked, id=19928, stack(0x000000ae3ba00000,0x000000ae3bb00000) (1024K)]
  0x00000271c5106cd0 JavaThread "Notification Thread"        daemon [_thread_blocked, id=2432, stack(0x000000ae3bb00000,0x000000ae3bc00000) (1024K)]
  0x00000271c510ff90 JavaThread "Common-Cleaner"             daemon [_thread_blocked, id=11256, stack(0x000000ae3bc00000,0x000000ae3bd00000) (1024K)]
  0x00000271c5d93a00 JavaThread "C2 CompilerThread1"         daemon [_thread_in_native, id=16456, stack(0x000000ae3c000000,0x000000ae3c100000) (1024K)]
Total: 12

Other Threads:
  0x00000271eb7576c0 VMThread "VM Thread"                           [id=19632, stack(0x000000ae3b200000,0x000000ae3b300000) (1024K)]
  0x00000271eb7450f0 WatcherThread "VM Periodic Task Thread"        [id=11292, stack(0x000000ae3b100000,0x000000ae3b200000) (1024K)]
  0x00000271cf4b44f0 WorkerThread "GC Thread#0"                     [id=17516, stack(0x000000ae3ac00000,0x000000ae3ad00000) (1024K)]
  0x00000271c588af50 WorkerThread "GC Thread#1"                     [id=2108, stack(0x000000ae3bd00000,0x000000ae3be00000) (1024K)]
  0x00000271c588b300 WorkerThread "GC Thread#2"                     [id=6748, stack(0x000000ae3be00000,0x000000ae3bf00000) (1024K)]
  0x00000271c5ca78b0 WorkerThread "GC Thread#3"                     [id=14528, stack(0x000000ae3bf00000,0x000000ae3c000000) (1024K)]
  0x00000271cf4c8d70 ConcurrentGCThread "G1 Main Marker"            [id=14672, stack(0x000000ae3ad00000,0x000000ae3ae00000) (1024K)]
  0x00000271cf4ca890 WorkerThread "G1 Conc#0"                       [id=17100, stack(0x000000ae3ae00000,0x000000ae3af00000) (1024K)]
  0x00000271cf51e740 ConcurrentGCThread "G1 Refine#0"               [id=4708, stack(0x000000ae3af00000,0x000000ae3b000000) (1024K)]
  0x00000271eb612420 ConcurrentGCThread "G1 Service"                [id=5152, stack(0x000000ae3b000000,0x000000ae3b100000) (1024K)]
Total: 10

Threads with active compile tasks:
C2 CompilerThread0  2145 2718       4       com.google.inject.TypeLiteral::<init> (43 bytes)
C2 CompilerThread1  2145 2739       4       com.google.inject.internal.MoreTypes::canonicalize (143 bytes)
Total: 2

VM state: not at safepoint (normal execution)

VM Mutex/Monitor currently owned by a thread: None

Heap address: 0x0000000083200000, size: 1998 MB, Compressed Oops mode: 32-bit

CDS archive(s) mapped at: [0x0000027180000000-0x0000027180d70000-0x0000027180d70000), size 14090240, SharedBaseAddress: 0x0000027180000000, ArchiveRelocationMode: 1.
Compressed class space mapped at: 0x0000027181000000-0x00000271c1000000, reserved size: 1073741824
Narrow klass base: 0x0000027180000000, Narrow klass shift: 0, Narrow klass range: 0x41000000

GC Precious Log:
 CardTable entry size: 512
 Card Set container configuration: InlinePtr #cards 5 size 8 Array Of Cards #cards 10 size 36 Howl #buckets 4 coarsen threshold 1843 Howl Bitmap #cards 512 size 80 coarsen threshold 460 Card regions per heap region 1 cards per card region 2048
 CPUs: 4 total, 4 available
 Memory: 7991M
 Large Page Support: Disabled
 NUMA Support: Disabled
 Compressed Oops: Enabled (32-bit)
 Heap Region Size: 1M
 Heap Min Capacity: 8M
 Heap Initial Capacity: 126M
 Heap Max Capacity: 1998M
 Pre-touch: Disabled
 Parallel Workers: 4
 Concurrent Workers: 1
 Concurrent Refinement Workers: 4
 Periodic GC: Disabled

Heap:
 garbage-first heap   total reserved 2045952K, committed 129024K, used 16346K [0x0000000083200000, 0x0000000100000000)
  region size 1024K, 14 young (14336K), 3 survivors (3072K)
 Metaspace       used 13219K, committed 13504K, reserved 1114112K
  class space    used 1665K, committed 1792K, reserved 1048576K

Heap Regions: E=young(eden), S=young(survivor), O=old, HS=humongous(starts), HC=humongous(continues), CS=collection set, F=free, TAMS=top-at-mark-start, PB=parsable bottom
|   0|0x0000000083200000, 0x0000000083300000, 0x0000000083300000|100%| O|  |TAMS 0x0000000083200000| PB 0x0000000083200000| Untracked |  0
|   1|0x0000000083300000, 0x0000000083400000, 0x0000000083400000|100%| O|  |TAMS 0x0000000083300000| PB 0x0000000083300000| Untracked |  0
|   2|0x0000000083400000, 0x0000000083500000, 0x0000000083500000|100%| O|  |TAMS 0x0000000083400000| PB 0x0000000083400000| Untracked |  0
|   3|0x0000000083500000, 0x000000008353d580, 0x0000000083600000| 23%| O|  |TAMS 0x0000000083500000| PB 0x0000000083500000| Untracked |  0
|   4|0x0000000083600000, 0x0000000083600000, 0x0000000083700000|  0%| F|  |TAMS 0x0000000083600000| PB 0x0000000083600000| Untracked |  0
|   5|0x0000000083700000, 0x0000000083700000, 0x0000000083800000|  0%| F|  |TAMS 0x0000000083700000| PB 0x0000000083700000| Untracked |  0
|   6|0x0000000083800000, 0x0000000083800000, 0x0000000083900000|  0%| F|  |TAMS 0x0000000083800000| PB 0x0000000083800000| Untracked |  0
|   7|0x0000000083900000, 0x0000000083900000, 0x0000000083a00000|  0%| F|  |TAMS 0x0000000083900000| PB 0x0000000083900000| Untracked |  0
|   8|0x0000000083a00000, 0x0000000083a00000, 0x0000000083b00000|  0%| F|  |TAMS 0x0000000083a00000| PB 0x0000000083a00000| Untracked |  0
|   9|0x0000000083b00000, 0x0000000083b00000, 0x0000000083c00000|  0%| F|  |TAMS 0x0000000083b00000| PB 0x0000000083b00000| Untracked |  0
|  10|0x0000000083c00000, 0x0000000083c00000, 0x0000000083d00000|  0%| F|  |TAMS 0x0000000083c00000| PB 0x0000000083c00000| Untracked |  0
|  11|0x0000000083d00000, 0x0000000083d00000, 0x0000000083e00000|  0%| F|  |TAMS 0x0000000083d00000| PB 0x0000000083d00000| Untracked |  0
|  12|0x0000000083e00000, 0x0000000083e00000, 0x0000000083f00000|  0%| F|  |TAMS 0x0000000083e00000| PB 0x0000000083e00000| Untracked |  0
|  13|0x0000000083f00000, 0x0000000083f00000, 0x0000000084000000|  0%| F|  |TAMS 0x0000000083f00000| PB 0x0000000083f00000| Untracked |  0
|  14|0x0000000084000000, 0x0000000084000000, 0x0000000084100000|  0%| F|  |TAMS 0x0000000084000000| PB 0x0000000084000000| Untracked |  0
|  15|0x0000000084100000, 0x0000000084100000, 0x0000000084200000|  0%| F|  |TAMS 0x0000000084100000| PB 0x0000000084100000| Untracked |  0
|  16|0x0000000084200000, 0x0000000084200000, 0x0000000084300000|  0%| F|  |TAMS 0x0000000084200000| PB 0x0000000084200000| Untracked |  0
|  17|0x0000000084300000, 0x0000000084300000, 0x0000000084400000|  0%| F|  |TAMS 0x0000000084300000| PB 0x0000000084300000| Untracked |  0
|  18|0x0000000084400000, 0x0000000084400000, 0x0000000084500000|  0%| F|  |TAMS 0x0000000084400000| PB 0x0000000084400000| Untracked |  0
|  19|0x0000000084500000, 0x0000000084500000, 0x0000000084600000|  0%| F|  |TAMS 0x0000000084500000| PB 0x0000000084500000| Untracked |  0
|  20|0x0000000084600000, 0x0000000084600000, 0x0000000084700000|  0%| F|  |TAMS 0x0000000084600000| PB 0x0000000084600000| Untracked |  0
|  21|0x0000000084700000, 0x0000000084700000, 0x0000000084800000|  0%| F|  |TAMS 0x0000000084700000| PB 0x0000000084700000| Untracked |  0
|  22|0x0000000084800000, 0x0000000084800000, 0x0000000084900000|  0%| F|  |TAMS 0x0000000084800000| PB 0x0000000084800000| Untracked |  0
|  23|0x0000000084900000, 0x0000000084900000, 0x0000000084a00000|  0%| F|  |TAMS 0x0000000084900000| PB 0x0000000084900000| Untracked |  0
|  24|0x0000000084a00000, 0x0000000084a00000, 0x0000000084b00000|  0%| F|  |TAMS 0x0000000084a00000| PB 0x0000000084a00000| Untracked |  0
|  25|0x0000000084b00000, 0x0000000084b00000, 0x0000000084c00000|  0%| F|  |TAMS 0x0000000084b00000| PB 0x0000000084b00000| Untracked |  0
|  26|0x0000000084c00000, 0x0000000084c00000, 0x0000000084d00000|  0%| F|  |TAMS 0x0000000084c00000| PB 0x0000000084c00000| Untracked |  0
|  27|0x0000000084d00000, 0x0000000084d00000, 0x0000000084e00000|  0%| F|  |TAMS 0x0000000084d00000| PB 0x0000000084d00000| Untracked |  0
|  28|0x0000000084e00000, 0x0000000084e00000, 0x0000000084f00000|  0%| F|  |TAMS 0x0000000084e00000| PB 0x0000000084e00000| Untracked |  0
|  29|0x0000000084f00000, 0x0000000084f00000, 0x0000000085000000|  0%| F|  |TAMS 0x0000000084f00000| PB 0x0000000084f00000| Untracked |  0
|  30|0x0000000085000000, 0x0000000085000000, 0x0000000085100000|  0%| F|  |TAMS 0x0000000085000000| PB 0x0000000085000000| Untracked |  0
|  31|0x0000000085100000, 0x0000000085100000, 0x0000000085200000|  0%| F|  |TAMS 0x0000000085100000| PB 0x0000000085100000| Untracked |  0
|  32|0x0000000085200000, 0x0000000085200000, 0x0000000085300000|  0%| F|  |TAMS 0x0000000085200000| PB 0x0000000085200000| Untracked |  0
|  33|0x0000000085300000, 0x0000000085300000, 0x0000000085400000|  0%| F|  |TAMS 0x0000000085300000| PB 0x0000000085300000| Untracked |  0
|  34|0x0000000085400000, 0x0000000085400000, 0x0000000085500000|  0%| F|  |TAMS 0x0000000085400000| PB 0x0000000085400000| Untracked |  0
|  35|0x0000000085500000, 0x0000000085500000, 0x0000000085600000|  0%| F|  |TAMS 0x0000000085500000| PB 0x0000000085500000| Untracked |  0
|  36|0x0000000085600000, 0x0000000085600000, 0x0000000085700000|  0%| F|  |TAMS 0x0000000085600000| PB 0x0000000085600000| Untracked |  0
|  37|0x0000000085700000, 0x0000000085700000, 0x0000000085800000|  0%| F|  |TAMS 0x0000000085700000| PB 0x0000000085700000| Untracked |  0
|  38|0x0000000085800000, 0x0000000085800000, 0x0000000085900000|  0%| F|  |TAMS 0x0000000085800000| PB 0x0000000085800000| Untracked |  0
|  39|0x0000000085900000, 0x0000000085900000, 0x0000000085a00000|  0%| F|  |TAMS 0x0000000085900000| PB 0x0000000085900000| Untracked |  0
|  40|0x0000000085a00000, 0x0000000085a00000, 0x0000000085b00000|  0%| F|  |TAMS 0x0000000085a00000| PB 0x0000000085a00000| Untracked |  0
|  41|0x0000000085b00000, 0x0000000085b00000, 0x0000000085c00000|  0%| F|  |TAMS 0x0000000085b00000| PB 0x0000000085b00000| Untracked |  0
|  42|0x0000000085c00000, 0x0000000085c00000, 0x0000000085d00000|  0%| F|  |TAMS 0x0000000085c00000| PB 0x0000000085c00000| Untracked |  0
|  43|0x0000000085d00000, 0x0000000085d00000, 0x0000000085e00000|  0%| F|  |TAMS 0x0000000085d00000| PB 0x0000000085d00000| Untracked |  0
|  44|0x0000000085e00000, 0x0000000085e00000, 0x0000000085f00000|  0%| F|  |TAMS 0x0000000085e00000| PB 0x0000000085e00000| Untracked |  0
|  45|0x0000000085f00000, 0x0000000085f00000, 0x0000000086000000|  0%| F|  |TAMS 0x0000000085f00000| PB 0x0000000085f00000| Untracked |  0
|  46|0x0000000086000000, 0x0000000086000000, 0x0000000086100000|  0%| F|  |TAMS 0x0000000086000000| PB 0x0000000086000000| Untracked |  0
|  47|0x0000000086100000, 0x0000000086100000, 0x0000000086200000|  0%| F|  |TAMS 0x0000000086100000| PB 0x0000000086100000| Untracked |  0
|  48|0x0000000086200000, 0x0000000086200000, 0x0000000086300000|  0%| F|  |TAMS 0x0000000086200000| PB 0x0000000086200000| Untracked |  0
|  49|0x0000000086300000, 0x0000000086300000, 0x0000000086400000|  0%| F|  |TAMS 0x0000000086300000| PB 0x0000000086300000| Untracked |  0
|  50|0x0000000086400000, 0x0000000086400000, 0x0000000086500000|  0%| F|  |TAMS 0x0000000086400000| PB 0x0000000086400000| Untracked |  0
|  51|0x0000000086500000, 0x0000000086500000, 0x0000000086600000|  0%| F|  |TAMS 0x0000000086500000| PB 0x0000000086500000| Untracked |  0
|  52|0x0000000086600000, 0x0000000086600000, 0x0000000086700000|  0%| F|  |TAMS 0x0000000086600000| PB 0x0000000086600000| Untracked |  0
|  53|0x0000000086700000, 0x0000000086700000, 0x0000000086800000|  0%| F|  |TAMS 0x0000000086700000| PB 0x0000000086700000| Untracked |  0
|  54|0x0000000086800000, 0x0000000086800000, 0x0000000086900000|  0%| F|  |TAMS 0x0000000086800000| PB 0x0000000086800000| Untracked |  0
|  55|0x0000000086900000, 0x0000000086900000, 0x0000000086a00000|  0%| F|  |TAMS 0x0000000086900000| PB 0x0000000086900000| Untracked |  0
|  56|0x0000000086a00000, 0x0000000086a00000, 0x0000000086b00000|  0%| F|  |TAMS 0x0000000086a00000| PB 0x0000000086a00000| Untracked |  0
|  57|0x0000000086b00000, 0x0000000086b00000, 0x0000000086c00000|  0%| F|  |TAMS 0x0000000086b00000| PB 0x0000000086b00000| Untracked |  0
|  58|0x0000000086c00000, 0x0000000086c00000, 0x0000000086d00000|  0%| F|  |TAMS 0x0000000086c00000| PB 0x0000000086c00000| Untracked |  0
|  59|0x0000000086d00000, 0x0000000086d00000, 0x0000000086e00000|  0%| F|  |TAMS 0x0000000086d00000| PB 0x0000000086d00000| Untracked |  0
|  60|0x0000000086e00000, 0x0000000086e00000, 0x0000000086f00000|  0%| F|  |TAMS 0x0000000086e00000| PB 0x0000000086e00000| Untracked |  0
|  61|0x0000000086f00000, 0x0000000086f00000, 0x0000000087000000|  0%| F|  |TAMS 0x0000000086f00000| PB 0x0000000086f00000| Untracked |  0
|  62|0x0000000087000000, 0x0000000087000000, 0x0000000087100000|  0%| F|  |TAMS 0x0000000087000000| PB 0x0000000087000000| Untracked |  0
|  63|0x0000000087100000, 0x0000000087100000, 0x0000000087200000|  0%| F|  |TAMS 0x0000000087100000| PB 0x0000000087100000| Untracked |  0
|  64|0x0000000087200000, 0x0000000087200000, 0x0000000087300000|  0%| F|  |TAMS 0x0000000087200000| PB 0x0000000087200000| Untracked |  0
|  65|0x0000000087300000, 0x0000000087300000, 0x0000000087400000|  0%| F|  |TAMS 0x0000000087300000| PB 0x0000000087300000| Untracked |  0
|  66|0x0000000087400000, 0x0000000087400000, 0x0000000087500000|  0%| F|  |TAMS 0x0000000087400000| PB 0x0000000087400000| Untracked |  0
|  67|0x0000000087500000, 0x0000000087500000, 0x0000000087600000|  0%| F|  |TAMS 0x0000000087500000| PB 0x0000000087500000| Untracked |  0
|  68|0x0000000087600000, 0x0000000087600000, 0x0000000087700000|  0%| F|  |TAMS 0x0000000087600000| PB 0x0000000087600000| Untracked |  0
|  69|0x0000000087700000, 0x0000000087700000, 0x0000000087800000|  0%| F|  |TAMS 0x0000000087700000| PB 0x0000000087700000| Untracked |  0
|  70|0x0000000087800000, 0x0000000087800000, 0x0000000087900000|  0%| F|  |TAMS 0x0000000087800000| PB 0x0000000087800000| Untracked |  0
|  71|0x0000000087900000, 0x0000000087900000, 0x0000000087a00000|  0%| F|  |TAMS 0x0000000087900000| PB 0x0000000087900000| Untracked |  0
|  72|0x0000000087a00000, 0x0000000087a00000, 0x0000000087b00000|  0%| F|  |TAMS 0x0000000087a00000| PB 0x0000000087a00000| Untracked |  0
|  73|0x0000000087b00000, 0x0000000087b00000, 0x0000000087c00000|  0%| F|  |TAMS 0x0000000087b00000| PB 0x0000000087b00000| Untracked |  0
|  74|0x0000000087c00000, 0x0000000087c00000, 0x0000000087d00000|  0%| F|  |TAMS 0x0000000087c00000| PB 0x0000000087c00000| Untracked |  0
|  75|0x0000000087d00000, 0x0000000087d00000, 0x0000000087e00000|  0%| F|  |TAMS 0x0000000087d00000| PB 0x0000000087d00000| Untracked |  0
|  76|0x0000000087e00000, 0x0000000087e00000, 0x0000000087f00000|  0%| F|  |TAMS 0x0000000087e00000| PB 0x0000000087e00000| Untracked |  0
|  77|0x0000000087f00000, 0x0000000087f00000, 0x0000000088000000|  0%| F|  |TAMS 0x0000000087f00000| PB 0x0000000087f00000| Untracked |  0
|  78|0x0000000088000000, 0x0000000088000000, 0x0000000088100000|  0%| F|  |TAMS 0x0000000088000000| PB 0x0000000088000000| Untracked |  0
|  79|0x0000000088100000, 0x0000000088100000, 0x0000000088200000|  0%| F|  |TAMS 0x0000000088100000| PB 0x0000000088100000| Untracked |  0
|  80|0x0000000088200000, 0x0000000088200000, 0x0000000088300000|  0%| F|  |TAMS 0x0000000088200000| PB 0x0000000088200000| Untracked |  0
|  81|0x0000000088300000, 0x0000000088300000, 0x0000000088400000|  0%| F|  |TAMS 0x0000000088300000| PB 0x0000000088300000| Untracked |  0
|  82|0x0000000088400000, 0x0000000088400000, 0x0000000088500000|  0%| F|  |TAMS 0x0000000088400000| PB 0x0000000088400000| Untracked |  0
|  83|0x0000000088500000, 0x0000000088500000, 0x0000000088600000|  0%| F|  |TAMS 0x0000000088500000| PB 0x0000000088500000| Untracked |  0
|  84|0x0000000088600000, 0x0000000088600000, 0x0000000088700000|  0%| F|  |TAMS 0x0000000088600000| PB 0x0000000088600000| Untracked |  0
|  85|0x0000000088700000, 0x0000000088700000, 0x0000000088800000|  0%| F|  |TAMS 0x0000000088700000| PB 0x0000000088700000| Untracked |  0
|  86|0x0000000088800000, 0x0000000088800000, 0x0000000088900000|  0%| F|  |TAMS 0x0000000088800000| PB 0x0000000088800000| Untracked |  0
|  87|0x0000000088900000, 0x0000000088900000, 0x0000000088a00000|  0%| F|  |TAMS 0x0000000088900000| PB 0x0000000088900000| Untracked |  0
|  88|0x0000000088a00000, 0x0000000088ab9340, 0x0000000088b00000| 72%| S|CS|TAMS 0x0000000088a00000| PB 0x0000000088a00000| Complete |  0
|  89|0x0000000088b00000, 0x0000000088c00000, 0x0000000088c00000|100%| S|CS|TAMS 0x0000000088b00000| PB 0x0000000088b00000| Complete |  0
|  90|0x0000000088c00000, 0x0000000088d00000, 0x0000000088d00000|100%| S|CS|TAMS 0x0000000088c00000| PB 0x0000000088c00000| Complete |  0
|  91|0x0000000088d00000, 0x0000000088d00000, 0x0000000088e00000|  0%| F|  |TAMS 0x0000000088d00000| PB 0x0000000088d00000| Untracked |  0
|  92|0x0000000088e00000, 0x0000000088e00000, 0x0000000088f00000|  0%| F|  |TAMS 0x0000000088e00000| PB 0x0000000088e00000| Untracked |  0
|  93|0x0000000088f00000, 0x0000000088f00000, 0x0000000089000000|  0%| F|  |TAMS 0x0000000088f00000| PB 0x0000000088f00000| Untracked |  0
|  94|0x0000000089000000, 0x0000000089000000, 0x0000000089100000|  0%| F|  |TAMS 0x0000000089000000| PB 0x0000000089000000| Untracked |  0
|  95|0x0000000089100000, 0x0000000089100000, 0x0000000089200000|  0%| F|  |TAMS 0x0000000089100000| PB 0x0000000089100000| Untracked |  0
|  96|0x0000000089200000, 0x0000000089200000, 0x0000000089300000|  0%| F|  |TAMS 0x0000000089200000| PB 0x0000000089200000| Untracked |  0
|  97|0x0000000089300000, 0x0000000089300000, 0x0000000089400000|  0%| F|  |TAMS 0x0000000089300000| PB 0x0000000089300000| Untracked |  0
|  98|0x0000000089400000, 0x0000000089400000, 0x0000000089500000|  0%| F|  |TAMS 0x0000000089400000| PB 0x0000000089400000| Untracked |  0
|  99|0x0000000089500000, 0x0000000089500000, 0x0000000089600000|  0%| F|  |TAMS 0x0000000089500000| PB 0x0000000089500000| Untracked |  0
| 100|0x0000000089600000, 0x0000000089600000, 0x0000000089700000|  0%| F|  |TAMS 0x0000000089600000| PB 0x0000000089600000| Untracked |  0
| 101|0x0000000089700000, 0x0000000089700000, 0x0000000089800000|  0%| F|  |TAMS 0x0000000089700000| PB 0x0000000089700000| Untracked |  0
| 102|0x0000000089800000, 0x0000000089800000, 0x0000000089900000|  0%| F|  |TAMS 0x0000000089800000| PB 0x0000000089800000| Untracked |  0
| 103|0x0000000089900000, 0x0000000089900000, 0x0000000089a00000|  0%| F|  |TAMS 0x0000000089900000| PB 0x0000000089900000| Untracked |  0
| 104|0x0000000089a00000, 0x0000000089a00000, 0x0000000089b00000|  0%| F|  |TAMS 0x0000000089a00000| PB 0x0000000089a00000| Untracked |  0
| 105|0x0000000089b00000, 0x0000000089b00000, 0x0000000089c00000|  0%| F|  |TAMS 0x0000000089b00000| PB 0x0000000089b00000| Untracked |  0
| 106|0x0000000089c00000, 0x0000000089c00000, 0x0000000089d00000|  0%| F|  |TAMS 0x0000000089c00000| PB 0x0000000089c00000| Untracked |  0
| 107|0x0000000089d00000, 0x0000000089d00000, 0x0000000089e00000|  0%| F|  |TAMS 0x0000000089d00000| PB 0x0000000089d00000| Untracked |  0
| 108|0x0000000089e00000, 0x0000000089e00000, 0x0000000089f00000|  0%| F|  |TAMS 0x0000000089e00000| PB 0x0000000089e00000| Untracked |  0
| 109|0x0000000089f00000, 0x0000000089f00000, 0x000000008a000000|  0%| F|  |TAMS 0x0000000089f00000| PB 0x0000000089f00000| Untracked |  0
| 110|0x000000008a000000, 0x000000008a000000, 0x000000008a100000|  0%| F|  |TAMS 0x000000008a000000| PB 0x000000008a000000| Untracked |  0
| 111|0x000000008a100000, 0x000000008a100000, 0x000000008a200000|  0%| F|  |TAMS 0x000000008a100000| PB 0x000000008a100000| Untracked |  0
| 112|0x000000008a200000, 0x000000008a200000, 0x000000008a300000|  0%| F|  |TAMS 0x000000008a200000| PB 0x000000008a200000| Untracked |  0
| 113|0x000000008a300000, 0x000000008a300000, 0x000000008a400000|  0%| F|  |TAMS 0x000000008a300000| PB 0x000000008a300000| Untracked |  0
| 114|0x000000008a400000, 0x000000008a400000, 0x000000008a500000|  0%| F|  |TAMS 0x000000008a400000| PB 0x000000008a400000| Untracked |  0
| 115|0x000000008a500000, 0x000000008a580000, 0x000000008a600000| 50%| E|  |TAMS 0x000000008a500000| PB 0x000000008a500000| Complete |  0
| 116|0x000000008a600000, 0x000000008a700000, 0x000000008a700000|100%| E|CS|TAMS 0x000000008a600000| PB 0x000000008a600000| Complete |  0
| 117|0x000000008a700000, 0x000000008a800000, 0x000000008a800000|100%| E|CS|TAMS 0x000000008a700000| PB 0x000000008a700000| Complete |  0
| 118|0x000000008a800000, 0x000000008a900000, 0x000000008a900000|100%| E|CS|TAMS 0x000000008a800000| PB 0x000000008a800000| Complete |  0
| 119|0x000000008a900000, 0x000000008aa00000, 0x000000008aa00000|100%| E|CS|TAMS 0x000000008a900000| PB 0x000000008a900000| Complete |  0
| 120|0x000000008aa00000, 0x000000008ab00000, 0x000000008ab00000|100%| E|CS|TAMS 0x000000008aa00000| PB 0x000000008aa00000| Complete |  0
| 121|0x000000008ab00000, 0x000000008ac00000, 0x000000008ac00000|100%| E|CS|TAMS 0x000000008ab00000| PB 0x000000008ab00000| Complete |  0
| 122|0x000000008ac00000, 0x000000008ad00000, 0x000000008ad00000|100%| E|CS|TAMS 0x000000008ac00000| PB 0x000000008ac00000| Complete |  0
| 123|0x000000008ad00000, 0x000000008ae00000, 0x000000008ae00000|100%| E|CS|TAMS 0x000000008ad00000| PB 0x000000008ad00000| Complete |  0
| 124|0x000000008ae00000, 0x000000008af00000, 0x000000008af00000|100%| E|CS|TAMS 0x000000008ae00000| PB 0x000000008ae00000| Complete |  0
| 125|0x000000008af00000, 0x000000008b000000, 0x000000008b000000|100%| E|CS|TAMS 0x000000008af00000| PB 0x000000008af00000| Complete |  0

Card table byte_map: [0x00000271e6f80000,0x00000271e7370000] _byte_map_base: 0x00000271e6b67000

Marking Bits: (CMBitMap*) 0x00000271cf4b4c00
 Bits: [0x00000271e7370000, 0x00000271e92a8000)

Polling page: 0x00000271cea10000

Metaspace:

Usage:
  Non-class:     11.30 MB used.
      Class:      1.63 MB used.
       Both:     12.92 MB used.

Virtual space:
  Non-class space:       64.00 MB reserved,      11.44 MB ( 18%) committed,  1 nodes.
      Class space:        1.00 GB reserved,       1.75 MB ( <1%) committed,  1 nodes.
             Both:        1.06 GB reserved,      13.19 MB (  1%) committed. 

Chunk freelists:
   Non-Class:  3.92 MB
       Class:  14.12 MB
        Both:  18.04 MB

MaxMetaspaceSize: unlimited
CompressedClassSpaceSize: 1.00 GB
Initial GC threshold: 21.00 MB
Current GC threshold: 21.00 MB
CDS: on
 - commit_granule_bytes: 65536.
 - commit_granule_words: 8192.
 - virtual_space_node_default_size: 8388608.
 - enlarge_chunks_in_place: 1.
 - use_allocation_guard: 0.


Internal statistics:

num_allocs_failed_limit: 0.
num_arena_births: 126.
num_arena_deaths: 0.
num_vsnodes_births: 2.
num_vsnodes_deaths: 0.
num_space_committed: 211.
num_space_uncommitted: 0.
num_chunks_returned_to_freelist: 0.
num_chunks_taken_from_freelist: 545.
num_chunk_merges: 0.
num_chunk_splits: 381.
num_chunks_enlarged: 320.
num_inconsistent_stats: 0.

CodeHeap 'non-profiled nmethods': size=120064Kb used=846Kb max_used=846Kb free=119217Kb
 bounds [0x00000271df650000, 0x00000271df8c0000, 0x00000271e6b90000]
CodeHeap 'profiled nmethods': size=120000Kb used=4110Kb max_used=4110Kb free=115889Kb
 bounds [0x00000271d7b90000, 0x00000271d7fa0000, 0x00000271df0c0000]
CodeHeap 'non-nmethods': size=5696Kb used=1492Kb max_used=1509Kb free=4203Kb
 bounds [0x00000271df0c0000, 0x00000271df330000, 0x00000271df650000]
CodeCache: size=245760Kb, used=6448Kb, max_used=6465Kb, free=239309Kb
 total_blobs=3317, nmethods=2828, adapters=394, full_count=0
Compilation: enabled, stopped_count=0, restarted_count=0

Compilation events (20 events):
Event: 2.085 Thread 0x00000271eb7ae090 nmethod 2736 0x00000271d7f6f688 code [0x00000271d7f6f7c0, 0x00000271d7f6fa60]
Event: 2.085 Thread 0x00000271eb7ae090 2737       3       com.google.common.collect.AbstractMapBasedMultimap$AsMap$AsMapEntries::iterator (12 bytes)
Event: 2.085 Thread 0x00000271eb7ae090 nmethod 2737 0x00000271d7f6fa88 code [0x00000271d7f6fbe0, 0x00000271d7f70068]
Event: 2.085 Thread 0x00000271eb7ae090 2738       3       com.google.common.collect.AbstractMapBasedMultimap$AsMap$AsMapIterator::<init> (31 bytes)
Event: 2.085 Thread 0x00000271eb7ae090 nmethod 2738 0x00000271d7f70108 code [0x00000271d7f70260, 0x00000271d7f70620]
Event: 2.087 Thread 0x00000271eb7ae090 2740       3       com.google.common.collect.LinkedHashMultimap$ValueEntry::getPredecessorInMultimap (11 bytes)
Event: 2.088 Thread 0x00000271eb7ae090 nmethod 2740 0x00000271d7f70688 code [0x00000271d7f707c0, 0x00000271d7f70a20]
Event: 2.088 Thread 0x00000271eb7ae090 2742       1       org.codehaus.plexus.classworlds.realm.Entry::getPackageName (5 bytes)
Event: 2.089 Thread 0x00000271eb7ae090 nmethod 2742 0x00000271df721188 code [0x00000271df7212a0, 0x00000271df721368]
Event: 2.089 Thread 0x00000271eb7ae090 2743       3       java.util.TreeMap$EntryIterator::next (5 bytes)
Event: 2.089 Thread 0x00000271eb7ae090 nmethod 2743 0x00000271d7f70a88 code [0x00000271d7f70bc0, 0x00000271d7f70d58]
Event: 2.089 Thread 0x00000271eb7ae090 2745       3       org.codehaus.plexus.classworlds.realm.Entry::compareTo (9 bytes)
Event: 2.089 Thread 0x00000271eb7ae090 nmethod 2745 0x00000271d7f70d88 code [0x00000271d7f70ec0, 0x00000271d7f711a8]
Event: 2.089 Thread 0x00000271eb7ae090 2746       3       org.codehaus.plexus.classworlds.realm.Entry::compareTo (13 bytes)
Event: 2.089 Thread 0x00000271eb7ae090 nmethod 2746 0x00000271d7f71208 code [0x00000271d7f71340, 0x00000271d7f714e8]
Event: 2.089 Thread 0x00000271eb7ae090 2744       3       java.util.TreeMap$EntryIterator::next (5 bytes)
Event: 2.089 Thread 0x00000271eb7ae090 nmethod 2744 0x00000271d7f71588 code [0x00000271d7f716a0, 0x00000271d7f717d8]
Event: 2.091 Thread 0x00000271eb7ae090 2747   !   3       com.google.inject.internal.CycleDetectingLock$CycleDetectingLockFactory$ReentrantCycleDetectingLock::unlock (132 bytes)
Event: 2.092 Thread 0x00000271eb7ae090 nmethod 2747 0x00000271d7f71888 code [0x00000271d7f71b60, 0x00000271d7f72fe0]
Event: 2.092 Thread 0x00000271eb7ae090 2748       3       com.google.common.collect.LinkedHashMultimap::remove (7 bytes)

GC Heap History (6 events):
Event: 0.599 GC heap before
{Heap before GC invocations=0 (full 0):
 garbage-first heap   total reserved 2045952K, committed 129024K, used 14336K [0x0000000083200000, 0x0000000100000000)
  region size 1024K, 14 young (14336K), 0 survivors (0K)
 Metaspace       used 4045K, committed 4224K, reserved 1114112K
  class space    used 435K, committed 512K, reserved 1048576K
}
Event: 0.605 GC heap after
{Heap after GC invocations=1 (full 0):
 garbage-first heap   total reserved 2045952K, committed 129024K, used 3242K [0x0000000083200000, 0x0000000100000000)
  region size 1024K, 2 young (2048K), 2 survivors (2048K)
 Metaspace       used 4045K, committed 4224K, reserved 1114112K
  class space    used 435K, committed 512K, reserved 1048576K
}
Event: 0.893 GC heap before
{Heap before GC invocations=1 (full 0):
 garbage-first heap   total reserved 2045952K, committed 129024K, used 16554K [0x0000000083200000, 0x0000000100000000)
  region size 1024K, 15 young (15360K), 2 survivors (2048K)
 Metaspace       used 6142K, committed 6400K, reserved 1114112K
  class space    used 755K, committed 896K, reserved 1048576K
}
Event: 0.897 GC heap after
{Heap after GC invocations=2 (full 0):
 garbage-first heap   total reserved 2045952K, committed 129024K, used 4070K [0x0000000083200000, 0x0000000100000000)
  region size 1024K, 1 young (1024K), 1 survivors (1024K)
 Metaspace       used 6142K, committed 6400K, reserved 1114112K
  class space    used 755K, committed 896K, reserved 1048576K
}
Event: 1.854 GC heap before
{Heap before GC invocations=2 (full 0):
 garbage-first heap   total reserved 2045952K, committed 129024K, used 38886K [0x0000000083200000, 0x0000000100000000)
  region size 1024K, 35 young (35840K), 1 survivors (1024K)
 Metaspace       used 11526K, committed 11712K, reserved 1114112K
  class space    used 1432K, committed 1536K, reserved 1048576K
}
Event: 1.858 GC heap after
{Heap after GC invocations=3 (full 0):
 garbage-first heap   total reserved 2045952K, committed 129024K, used 6106K [0x0000000083200000, 0x0000000100000000)
  region size 1024K, 3 young (3072K), 3 survivors (3072K)
 Metaspace       used 11526K, committed 11712K, reserved 1114112K
  class space    used 1432K, committed 1536K, reserved 1048576K
}

Dll operation events (8 events):
Event: 0.010 Loaded shared library C:\Program Files\Java\jdk-23\bin\java.dll
Event: 0.048 Loaded shared library C:\Program Files\Java\jdk-23\bin\jsvml.dll
Event: 0.069 Loaded shared library C:\Program Files\Java\jdk-23\bin\net.dll
Event: 0.071 Loaded shared library C:\Program Files\Java\jdk-23\bin\nio.dll
Event: 0.075 Loaded shared library C:\Program Files\Java\jdk-23\bin\zip.dll
Event: 0.263 Loaded shared library C:\Users\abuba\.m2\wrapper\dists\apache-maven-3.9.9\977a63e90f436cd6ade95b4c0e10c20c\lib\jansi-native\Windows\x86_64\jansi.dll
Event: 0.284 Loaded shared library C:\Program Files\Java\jdk-23\bin\verify.dll
Event: 0.308 Loaded shared library C:\Program Files\Java\jdk-23\bin\jimage.dll

Deoptimization events (20 events):
Event: 1.988 Thread 0x00000271ccfca8a0 Uncommon trap: trap_request=0xffffffc6 fr.pc=0x00000271df6d9664 relative=0x00000000000008a4
Event: 1.988 Thread 0x00000271ccfca8a0 Uncommon trap: reason=bimorphic_or_optimized_type_check action=maybe_recompile pc=0x00000271df6d9664 method=java.util.HashMap.putVal(ILjava/lang/Object;Ljava/lang/Object;ZZ)Ljava/lang/Object; @ 91 c2
Event: 1.988 Thread 0x00000271ccfca8a0 DEOPT PACKING pc=0x00000271df6d9664 sp=0x000000ae3abfe7e0
Event: 1.988 Thread 0x00000271ccfca8a0 DEOPT UNPACKING pc=0x00000271df117982 sp=0x000000ae3abfe6f0 mode 2
Event: 1.988 Thread 0x00000271ccfca8a0 Uncommon trap: trap_request=0xffffffc6 fr.pc=0x00000271df6d9664 relative=0x00000000000008a4
Event: 1.988 Thread 0x00000271ccfca8a0 Uncommon trap: reason=bimorphic_or_optimized_type_check action=maybe_recompile pc=0x00000271df6d9664 method=java.util.HashMap.putVal(ILjava/lang/Object;Ljava/lang/Object;ZZ)Ljava/lang/Object; @ 91 c2
Event: 1.988 Thread 0x00000271ccfca8a0 DEOPT PACKING pc=0x00000271df6d9664 sp=0x000000ae3abfe7e0
Event: 1.988 Thread 0x00000271ccfca8a0 DEOPT UNPACKING pc=0x00000271df117982 sp=0x000000ae3abfe6f0 mode 2
Event: 1.988 Thread 0x00000271ccfca8a0 Uncommon trap: trap_request=0xffffffc6 fr.pc=0x00000271df6d9664 relative=0x00000000000008a4
Event: 1.988 Thread 0x00000271ccfca8a0 Uncommon trap: reason=bimorphic_or_optimized_type_check action=maybe_recompile pc=0x00000271df6d9664 method=java.util.HashMap.putVal(ILjava/lang/Object;Ljava/lang/Object;ZZ)Ljava/lang/Object; @ 91 c2
Event: 1.988 Thread 0x00000271ccfca8a0 DEOPT PACKING pc=0x00000271df6d9664 sp=0x000000ae3abfe7e0
Event: 1.988 Thread 0x00000271ccfca8a0 DEOPT UNPACKING pc=0x00000271df117982 sp=0x000000ae3abfe6f0 mode 2
Event: 1.988 Thread 0x00000271ccfca8a0 Uncommon trap: trap_request=0xffffffc6 fr.pc=0x00000271df6d9664 relative=0x00000000000008a4
Event: 1.988 Thread 0x00000271ccfca8a0 Uncommon trap: reason=bimorphic_or_optimized_type_check action=maybe_recompile pc=0x00000271df6d9664 method=java.util.HashMap.putVal(ILjava/lang/Object;Ljava/lang/Object;ZZ)Ljava/lang/Object; @ 91 c2
Event: 1.988 Thread 0x00000271ccfca8a0 DEOPT PACKING pc=0x00000271df6d9664 sp=0x000000ae3abfe7e0
Event: 1.988 Thread 0x00000271ccfca8a0 DEOPT UNPACKING pc=0x00000271df117982 sp=0x000000ae3abfe6f0 mode 2
Event: 1.988 Thread 0x00000271ccfca8a0 Uncommon trap: trap_request=0xffffffc6 fr.pc=0x00000271df6ce3f8 relative=0x0000000000000838
Event: 1.988 Thread 0x00000271ccfca8a0 Uncommon trap: reason=bimorphic_or_optimized_type_check action=maybe_recompile pc=0x00000271df6ce3f8 method=java.util.HashMap.putVal(ILjava/lang/Object;Ljava/lang/Object;ZZ)Ljava/lang/Object; @ 91 c2
Event: 1.988 Thread 0x00000271ccfca8a0 DEOPT PACKING pc=0x00000271df6ce3f8 sp=0x000000ae3abfe730
Event: 1.988 Thread 0x00000271ccfca8a0 DEOPT UNPACKING pc=0x00000271df117982 sp=0x000000ae3abfe6e0 mode 2

Classes loaded (20 events):
Event: 1.775 Loading class java/lang/ExceptionInInitializerError
Event: 1.776 Loading class java/lang/ExceptionInInitializerError done
Event: 1.779 Loading class jdk/internal/vm/annotation/ForceInline
Event: 1.779 Loading class jdk/internal/vm/annotation/ForceInline done
Event: 1.808 Loading class sun/invoke/util/ValueConversions$1
Event: 1.808 Loading class sun/invoke/util/ValueConversions$1 done
Event: 1.809 Loading class java/lang/invoke/BoundMethodHandle$Species_LI
Event: 1.809 Loading class java/lang/invoke/BoundMethodHandle$Species_LI done
Event: 1.894 Loading class sun/reflect/generics/scope/MethodScope
Event: 1.894 Loading class sun/reflect/generics/scope/MethodScope done
Event: 1.894 Loading class sun/reflect/generics/repository/MethodRepository
Event: 1.894 Loading class sun/reflect/generics/repository/MethodRepository done
Event: 2.002 Loading class java/util/ConcurrentModificationException
Event: 2.002 Loading class java/util/ConcurrentModificationException done
Event: 2.044 Loading class java/lang/ClassFormatError
Event: 2.044 Loading class java/lang/ClassFormatError done
Event: 2.057 Loading class java/lang/invoke/VarHandleInts$FieldInstanceReadWrite
Event: 2.059 Loading class java/lang/invoke/VarHandleInts$FieldInstanceReadOnly
Event: 2.060 Loading class java/lang/invoke/VarHandleInts$FieldInstanceReadOnly done
Event: 2.060 Loading class java/lang/invoke/VarHandleInts$FieldInstanceReadWrite done

Classes unloaded (0 events):
No events

Classes redefined (0 events):
No events

Internal exceptions (20 events):
Event: 0.293 Thread 0x00000271ccfca8a0 Exception <a 'java/lang/NoSuchMethodError'{0x000000008aa3f7f0}: 'void java.lang.invoke.DirectMethodHandle$Holder.invokeStatic(java.lang.Object, java.lang.Object)'> (0x000000008aa3f7f0) 
thrown [s\open\src\hotspot\share\interpreter\linkResolver.cpp, line 796]
Event: 0.293 Thread 0x00000271ccfca8a0 Exception <a 'java/lang/NoSuchMethodError'{0x000000008aa42c08}: 'void java.lang.invoke.DirectMethodHandle$Holder.invokeStaticInit(java.lang.Object, java.lang.Object)'> (0x000000008aa42c08) 
thrown [s\open\src\hotspot\share\interpreter\linkResolver.cpp, line 796]
Event: 0.390 Thread 0x00000271ccfca8a0 Exception <a 'java/lang/NoSuchMethodError'{0x000000008a851d20}: 'java.lang.Object java.lang.invoke.DirectMethodHandle$Holder.invokeSpecialIFC(java.lang.Object, java.lang.Object, java.lang.Object, java.lang.Object)'> (0x000000008a851d20) 
thrown [s\open\src\hotspot\share\interpreter\linkResolver.cpp, line 796]
Event: 0.582 Thread 0x00000271ccfca8a0 Exception <a 'java/lang/NoSuchMethodError'{0x000000008a20abc8}: 'void java.lang.invoke.DirectMethodHandle$Holder.invokeSpecial(java.lang.Object, java.lang.Object, java.lang.Object)'> (0x000000008a20abc8) 
thrown [s\open\src\hotspot\share\interpreter\linkResolver.cpp, line 796]
Event: 0.619 Thread 0x00000271ccfca8a0 Exception <a 'java/lang/NoSuchMethodError'{0x000000008af9d000}: 'java.lang.Object java.lang.invoke.DirectMethodHandle$Holder.invokeInterface(java.lang.Object, java.lang.Object)'> (0x000000008af9d000) 
thrown [s\open\src\hotspot\share\interpreter\linkResolver.cpp, line 796]
Event: 0.636 Thread 0x00000271ccfca8a0 Exception <a 'java/lang/NoSuchMethodError'{0x000000008ae39dc8}: 'int java.lang.invoke.DirectMethodHandle$Holder.invokeStatic(java.lang.Object, java.lang.Object, java.lang.Object, java.lang.Object)'> (0x000000008ae39dc8) 
thrown [s\open\src\hotspot\share\interpreter\linkResolver.cpp, line 796]
Event: 0.638 Thread 0x00000271ccfca8a0 Exception <a 'java/lang/NoSuchMethodError'{0x000000008ae48a60}: 'int java.lang.invoke.DirectMethodHandle$Holder.invokeSpecialIFC(java.lang.Object, java.lang.Object, java.lang.Object, java.lang.Object, java.lang.Object)'> (0x000000008ae48a60) 
thrown [s\open\src\hotspot\share\interpreter\linkResolver.cpp, line 796]
Event: 0.691 Thread 0x00000271ccfca8a0 Exception <a 'java/lang/NoSuchMethodError'{0x000000008ade3b88}: 'void java.lang.invoke.DirectMethodHandle$Holder.invokeStatic(java.lang.Object, int, java.lang.Object)'> (0x000000008ade3b88) 
thrown [s\open\src\hotspot\share\interpreter\linkResolver.cpp, line 796]
Event: 0.740 Thread 0x00000271ccfca8a0 Exception <a 'java/lang/NoSuchMethodError'{0x000000008ab551a8}: 'int java.lang.invoke.DirectMethodHandle$Holder.invokeStaticInit(java.lang.Object, java.lang.Object)'> (0x000000008ab551a8) 
thrown [s\open\src\hotspot\share\interpreter\linkResolver.cpp, line 796]
Event: 0.747 Thread 0x00000271ccfca8a0 Exception <a 'java/lang/NoClassDefFoundError'{0x000000008ab8b568}: javax/enterprise/inject/Typed> (0x000000008ab8b568) 
thrown [s\open\src\hotspot\share\classfile\systemDictionary.cpp, line 302]
Event: 1.773 Thread 0x00000271ccfca8a0 Exception <a 'java/lang/NoSuchMethodError'{0x00000000890945c0}: 'void java.lang.invoke.DirectMethodHandle$Holder.invokeStaticInit(java.lang.Object, java.lang.Object, java.lang.Object)'> (0x00000000890945c0) 
thrown [s\open\src\hotspot\share\interpreter\linkResolver.cpp, line 796]
Event: 1.778 Thread 0x00000271ccfca8a0 Exception <a 'java/lang/ExceptionInInitializerError'{0x00000000890be330}> (0x00000000890be330) 
thrown [s\open\src\hotspot\share\oops\instanceKlass.cpp, line 1236]
Event: 1.808 Thread 0x00000271ccfca8a0 Exception <a 'java/lang/NoSuchMethodError'{0x0000000088fd6920}: 'long java.lang.invoke.DirectMethodHandle$Holder.invokeStatic(java.lang.Object, java.lang.Object, int)'> (0x0000000088fd6920) 
thrown [s\open\src\hotspot\share\interpreter\linkResolver.cpp, line 796]
Event: 1.810 Thread 0x00000271ccfca8a0 Exception <a 'java/lang/NoSuchMethodError'{0x0000000088fe9ef0}: 'java.lang.Object java.lang.invoke.DirectMethodHandle$Holder.invokeStatic(java.lang.Object, java.lang.Object, java.lang.Object, java.lang.Object, int)'> (0x0000000088fe9ef0) 
thrown [s\open\src\hotspot\share\interpreter\linkResolver.cpp, line 796]
Event: 1.811 Thread 0x00000271ccfca8a0 Exception <a 'java/lang/NoSuchMethodError'{0x0000000088ff20d8}: 'java.lang.Object java.lang.invoke.DirectMethodHandle$Holder.invokeSpecial(java.lang.Object, java.lang.Object, java.lang.Object, java.lang.Object, long)'> (0x0000000088ff20d8) 
thrown [s\open\src\hotspot\share\interpreter\linkResolver.cpp, line 796]
Event: 1.812 Thread 0x00000271ccfca8a0 Exception <a 'java/lang/NoSuchMethodError'{0x0000000088ffdef0}: 'java.lang.Object java.lang.invoke.DirectMethodHandle$Holder.invokeSpecial(java.lang.Object, java.lang.Object, java.lang.Object, int, java.lang.Object)'> (0x0000000088ffdef0) 
thrown [s\open\src\hotspot\share\interpreter\linkResolver.cpp, line 796]
Event: 1.815 Thread 0x00000271ccfca8a0 Implicit null exception at 0x00000271df6d833d to 0x00000271df6d84c8
Event: 1.816 Thread 0x00000271ccfca8a0 Exception <a 'java/lang/NoSuchMethodError'{0x0000000088e27400}: 'java.lang.Object java.lang.invoke.Invokers$Holder.invokeExact_MT(java.lang.Object, int, java.lang.Object)'> (0x0000000088e27400) 
thrown [s\open\src\hotspot\share\interpreter\linkResolver.cpp, line 796]
Event: 2.006 Thread 0x00000271ccfca8a0 Exception <a 'java/lang/NoSuchMethodError'{0x000000008a9e6c80}: 'void java.lang.invoke.Invokers$Holder.invokeExact_MT(java.lang.Object, java.lang.Object, java.lang.Object, java.lang.Object)'> (0x000000008a9e6c80) 
thrown [s\open\src\hotspot\share\interpreter\linkResolver.cpp, line 796]
Event: 2.044 Thread 0x00000271ccfca8a0 Exception <a 'java/lang/NoClassDefFoundError'{0x000000008a87b5e8}: com/google/inject/servlet/ServletModuleTargetVisitor> (0x000000008a87b5e8) 
thrown [s\open\src\hotspot\share\classfile\systemDictionary.cpp, line 302]

VM Operations (20 events):
Event: 0.599 Executing VM operation: G1CollectForAllocation (G1 Evacuation Pause)
Event: 0.605 Executing VM operation: G1CollectForAllocation (G1 Evacuation Pause) done
Event: 0.893 Executing VM operation: G1CollectForAllocation (G1 Evacuation Pause)
Event: 0.897 Executing VM operation: G1CollectForAllocation (G1 Evacuation Pause) done
Event: 1.377 Executing VM operation: HandshakeAllThreads (Deoptimize)
Event: 1.377 Executing VM operation: HandshakeAllThreads (Deoptimize) done
Event: 1.532 Executing VM operation: HandshakeAllThreads (Deoptimize)
Event: 1.532 Executing VM operation: HandshakeAllThreads (Deoptimize) done
Event: 1.788 Executing VM operation: HandshakeAllThreads (Deoptimize)
Event: 1.788 Executing VM operation: HandshakeAllThreads (Deoptimize) done
Event: 1.849 Executing VM operation: HandshakeAllThreads (Deoptimize)
Event: 1.849 Executing VM operation: HandshakeAllThreads (Deoptimize) done
Event: 1.850 Executing VM operation: HandshakeAllThreads (Deoptimize)
Event: 1.850 Executing VM operation: HandshakeAllThreads (Deoptimize) done
Event: 1.854 Executing VM operation: G1CollectForAllocation (G1 Evacuation Pause)
Event: 1.858 Executing VM operation: G1CollectForAllocation (G1 Evacuation Pause) done
Event: 1.894 Executing VM operation: HandshakeAllThreads (Deoptimize)
Event: 1.894 Executing VM operation: HandshakeAllThreads (Deoptimize) done
Event: 2.001 Executing VM operation: HandshakeAllThreads (Deoptimize)
Event: 2.001 Executing VM operation: HandshakeAllThreads (Deoptimize) done

Memory protections (0 events):
No events

Nmethod flushes (0 events):
No events

Events (14 events):
Event: 0.029 Thread 0x00000271ccfca8a0 Thread added: 0x00000271ccfca8a0
Event: 0.046 Thread 0x00000271ccfca8a0 Thread added: 0x00000271eb7720b0
Event: 0.046 Thread 0x00000271ccfca8a0 Thread added: 0x00000271eb775930
Event: 0.046 Thread 0x00000271ccfca8a0 Thread added: 0x00000271eb7791b0
Event: 0.046 Thread 0x00000271ccfca8a0 Thread added: 0x00000271eb77a4a0
Event: 0.046 Thread 0x00000271ccfca8a0 Thread added: 0x00000271eb77b250
Event: 0.046 Thread 0x00000271ccfca8a0 Thread added: 0x00000271eb77bed0
Event: 0.046 Thread 0x00000271ccfca8a0 Thread added: 0x00000271eb77e410
Event: 0.047 Thread 0x00000271ccfca8a0 Thread added: 0x00000271eb7ae090
Event: 0.065 Thread 0x00000271ccfca8a0 Thread added: 0x00000271c5106cd0
Event: 0.067 Thread 0x00000271ccfca8a0 Thread added: 0x00000271c510ff90
Event: 0.260 Thread 0x00000271ccfca8a0 Thread added: 0x00000271c53f51f0
Event: 0.380 Thread 0x00000271c53f51f0 Thread exited: 0x00000271c53f51f0
Event: 0.776 Thread 0x00000271eb7ae090 Thread added: 0x00000271c5d93a00


Dynamic libraries:
0x00007ff6a7640000 - 0x00007ff6a7650000 	C:\Program Files\Java\jdk-23\bin\java.exe
0x00007fff1d3e0000 - 0x00007fff1d643000 	C:\WINDOWS\SYSTEM32\ntdll.dll
0x00007fff1c640000 - 0x00007fff1c707000 	C:\WINDOWS\System32\KERNEL32.DLL
0x00007fff1a840000 - 0x00007fff1ac09000 	C:\WINDOWS\System32\KERNELBASE.dll
0x00007fff1ad80000 - 0x00007fff1aecc000 	C:\WINDOWS\System32\ucrtbase.dll
0x00007ffef7d40000 - 0x00007ffef7d57000 	C:\Program Files\Java\jdk-23\bin\jli.dll
0x00007fff1c470000 - 0x00007fff1c63a000 	C:\WINDOWS\System32\USER32.dll
0x00007fff0b020000 - 0x00007fff0b03b000 	C:\Program Files\Java\jdk-23\bin\VCRUNTIME140.dll
0x00007fff1a690000 - 0x00007fff1a6b7000 	C:\WINDOWS\System32\win32u.dll
0x00007fff1d370000 - 0x00007fff1d39a000 	C:\WINDOWS\System32\GDI32.dll
0x00007fff1b0c0000 - 0x00007fff1b1f1000 	C:\WINDOWS\System32\gdi32full.dll
0x00007fff01c10000 - 0x00007fff01ea0000 	C:\WINDOWS\WinSxS\amd64_microsoft.windows.common-controls_6595b64144ccf1df_6.0.26100.3323_none_3e088096e3344490\COMCTL32.dll
0x00007fff1a5e0000 - 0x00007fff1a683000 	C:\WINDOWS\System32\msvcp_win.dll
0x00007fff1b780000 - 0x00007fff1b829000 	C:\WINDOWS\System32\msvcrt.dll
0x00007fff1bf60000 - 0x00007fff1bf8f000 	C:\WINDOWS\System32\IMM32.DLL
0x00007fff0c640000 - 0x00007fff0c64c000 	C:\Program Files\Java\jdk-23\bin\vcruntime140_1.dll
0x00007ffedf970000 - 0x00007ffedf9fe000 	C:\Program Files\Java\jdk-23\bin\msvcp140.dll
0x00007ffe71f80000 - 0x00007ffe72ccf000 	C:\Program Files\Java\jdk-23\bin\server\jvm.dll
0x00007fff1d050000 - 0x00007fff1d102000 	C:\WINDOWS\System32\ADVAPI32.dll
0x00007fff1bd80000 - 0x00007fff1be26000 	C:\WINDOWS\System32\sechost.dll
0x00007fff1ce50000 - 0x00007fff1cf66000 	C:\WINDOWS\System32\RPCRT4.dll
0x00007fff1bfa0000 - 0x00007fff1c014000 	C:\WINDOWS\System32\WS2_32.dll
0x00007fff1a470000 - 0x00007fff1a4be000 	C:\WINDOWS\SYSTEM32\POWRPROF.dll
0x00007fff11a90000 - 0x00007fff11ac6000 	C:\WINDOWS\SYSTEM32\WINMM.dll
0x00007fff08790000 - 0x00007fff0879b000 	C:\WINDOWS\SYSTEM32\VERSION.dll
0x00007fff1a450000 - 0x00007fff1a464000 	C:\WINDOWS\SYSTEM32\UMPDC.dll
0x00007fff19400000 - 0x00007fff1941a000 	C:\WINDOWS\SYSTEM32\kernel.appcore.dll
0x00007fff0b2c0000 - 0x00007fff0b2ca000 	C:\Program Files\Java\jdk-23\bin\jimage.dll
0x00007fff17d40000 - 0x00007fff17f81000 	C:\WINDOWS\SYSTEM32\DBGHELP.DLL
0x00007fff1c0e0000 - 0x00007fff1c462000 	C:\WINDOWS\System32\combase.dll
0x00007fff1cf70000 - 0x00007fff1d046000 	C:\WINDOWS\System32\OLEAUT32.dll
0x00007ffefaa60000 - 0x00007ffefaa99000 	C:\WINDOWS\SYSTEM32\dbgcore.DLL
0x00007fff1aed0000 - 0x00007fff1af69000 	C:\WINDOWS\System32\bcryptPrimitives.dll
0x00007fff0af80000 - 0x00007fff0af9e000 	C:\Program Files\Java\jdk-23\bin\java.dll
0x00007fff1bbe0000 - 0x00007fff1bd75000 	C:\WINDOWS\System32\ole32.dll
0x00007fff1c730000 - 0x00007fff1ce45000 	C:\WINDOWS\System32\SHELL32.dll
0x00007fff1ac10000 - 0x00007fff1ad78000 	C:\WINDOWS\System32\wintypes.dll
0x00007fff182e0000 - 0x00007fff18b25000 	C:\WINDOWS\SYSTEM32\windows.storage.dll
0x00007fff1b690000 - 0x00007fff1b77b000 	C:\WINDOWS\System32\SHCORE.dll
0x00007fff1be30000 - 0x00007fff1be8d000 	C:\WINDOWS\System32\shlwapi.dll
0x00007fff1a4f0000 - 0x00007fff1a51f000 	C:\WINDOWS\SYSTEM32\profapi.dll
0x00007ffebf050000 - 0x00007ffebf127000 	C:\Program Files\Java\jdk-23\bin\jsvml.dll
0x00007fff0a4a0000 - 0x00007fff0a4b0000 	C:\Program Files\Java\jdk-23\bin\net.dll
0x00007fff19920000 - 0x00007fff1998a000 	C:\WINDOWS\system32\mswsock.dll
0x00007fff04540000 - 0x00007fff04556000 	C:\Program Files\Java\jdk-23\bin\nio.dll
0x00007fff04460000 - 0x00007fff04477000 	C:\Program Files\Java\jdk-23\bin\zip.dll
0x00007ffef1b70000 - 0x00007ffef1b94000 	C:\Users\abuba\.m2\wrapper\dists\apache-maven-3.9.9\977a63e90f436cd6ade95b4c0e10c20c\lib\jansi-native\Windows\x86_64\jansi.dll
0x00007fff0c700000 - 0x00007fff0c710000 	C:\Program Files\Java\jdk-23\bin\verify.dll

dbghelp: loaded successfully - version: 4.0.5 - missing functions: none
symbol engine: initialized successfully - sym options: 0x614 - pdb path: .;C:\Program Files\Java\jdk-23\bin;C:\WINDOWS\SYSTEM32;C:\WINDOWS\WinSxS\amd64_microsoft.windows.common-controls_6595b64144ccf1df_6.0.26100.3323_none_3e088096e3344490;C:\Program Files\Java\jdk-23\bin\server;C:\Users\abuba\.m2\wrapper\dists\apache-maven-3.9.9\977a63e90f436cd6ade95b4c0e10c20c\lib\jansi-native\Windows\x86_64

VM Arguments:
jvm_args: -Dclassworlds.conf=C:\Users\abuba\.m2\wrapper\dists\apache-maven-3.9.9\977a63e90f436cd6ade95b4c0e10c20c\bin\m2.conf -Dmaven.home=C:\Users\abuba\.m2\wrapper\dists\apache-maven-3.9.9\977a63e90f436cd6ade95b4c0e10c20c -Dlibrary.jansi.path=C:\Users\abuba\.m2\wrapper\dists\apache-maven-3.9.9\977a63e90f436cd6ade95b4c0e10c20c\lib\jansi-native -Dmaven.multiModuleProjectDirectory=F:\clickhouse-flatfile-ingestion\backend 
java_command: org.codehaus.plexus.classworlds.launcher.Launcher -DskipTests=true -Dmaven.ext.class.path=C:\Users\abuba\.vscode\extensions\oracle.oracle-java-23.1.0\nbcode\java\maven-nblib\netbeans-eventspy.jar --no-transfer-progress --fail-at-end install
java_class_path (initial): C:\Users\abuba\.m2\wrapper\dists\apache-maven-3.9.9\977a63e90f436cd6ade95b4c0e10c20c\boot\plexus-classworlds-2.8.0.jar
Launcher Type: SUN_STANDARD

[Global flags]
     intx CICompilerCount                          = 3                                         {product} {ergonomic}
     uint ConcGCThreads                            = 1                                         {product} {ergonomic}
     uint G1ConcRefinementThreads                  = 4                                         {product} {ergonomic}
   size_t G1HeapRegionSize                         = 1048576                                   {product} {ergonomic}
   size_t InitialHeapSize                          = 132120576                                 {product} {ergonomic}
   size_t MarkStackSize                            = 4194304                                   {product} {ergonomic}
   size_t MarkStackSizeMax                         = 536870912                                 {product} {ergonomic}
   size_t MaxHeapSize                              = 2095054848                                {product} {ergonomic}
   size_t MaxNewSize                               = 1256194048                                {product} {ergonomic}
   size_t MinHeapDeltaBytes                        = 1048576                                   {product} {ergonomic}
   size_t MinHeapSize                              = 8388608                                   {product} {ergonomic}
    uintx NonNMethodCodeHeapSize                   = 5832704                                {pd product} {ergonomic}
    uintx NonProfiledCodeHeapSize                  = 122945536                              {pd product} {ergonomic}
    uintx ProfiledCodeHeapSize                     = 122880000                              {pd product} {ergonomic}
    uintx ReservedCodeCacheSize                    = 251658240                              {pd product} {ergonomic}
     bool SegmentedCodeCache                       = true                                      {product} {ergonomic}
   size_t SoftMaxHeapSize                          = 2095054848                             {manageable} {ergonomic}
     bool UseCompressedOops                        = true                           {product lp64_product} {ergonomic}
     bool UseG1GC                                  = true                                      {product} {ergonomic}
     bool UseLargePagesIndividualAllocation        = false                                  {pd product} {ergonomic}

Logging:
Log output configuration:
 #0: stdout all=warning uptime,level,tags foldmultilines=false
 #1: stderr all=off uptime,level,tags foldmultilines=false

Environment Variables:
JAVA_HOME=C:\Program Files\Java\jdk-23
PATH=C:\Program Files\Common Files\Oracle\Java\javapath;C:\Users\abuba\Downloads\jdk-20_windows-x64_bin (1).zip\jdk-20.0.2\bin;C:\Users\abuba\Downloads\jdk-22_windows-x64_bin.zip\jdk-22.0.1\bin;F:\Microsoft VS Code\bin;C:\Windows\System32;C:\Program Files\dotnet\;C:\WINDOWS\system32;C:\WINDOWS;C:\WINDOWS\System32\Wbem;C:\WINDOWS\System32\WindowsPowerShell\v1.0\;C:\WINDOWS\System32\OpenSSH\;C:\Program Files\nodejs\;C:\Users\abuba\AppData\Roaming\npm;C:\Users\abuba\Downloads\apache-maven-3.9.9-bin\apache-maven-3.9.9\bin;C:\Program Files\Git\cmd;C:\Users\abuba\AppData\Local\Programs\Python\Python313\Scripts\;C:\Users\abuba\AppData\Local\Programs\Python\Python313\;C:\Program Files\MySQL\MySQL Shell 8.0\bin\;C:\Users\abuba\AppData\Local\Microsoft\WindowsApps;C:\MinGW\bin;C:\Users\abuba\Downloads\jdk-22_windows-x64_bin.zip\jdk-22.0.1\bin;C:\Users\abuba\AppData\Local\Programs\Microsoft VS Code\bin;C:\Program Files\JetBrains\IntelliJ IDEA 2024.3.3\bin;;C:\Users\abuba\Downloads\cmake-4.0.0-rc4\cmake-4.0.0-rc4
USERNAME=abuba
OS=Windows_NT
PROCESSOR_IDENTIFIER=Intel64 Family 6 Model 140 Stepping 1, GenuineIntel
TMP=C:\Users\abuba\AppData\Local\Temp
TEMP=C:\Users\abuba\AppData\Local\Temp




Periodic native trim disabled

---------------  S Y S T E M  ---------------

OS:
 Windows 11 , 64 bit Build 26100 (10.0.26100.3323)
OS uptime: 0 days 4:45 hours

CPU: total 4 (initial active 4) (2 cores per cpu, 2 threads per core) family 6 model 140 stepping 1 microcode 0x9a, cx8, cmov, fxsr, ht, mmx, 3dnowpref, sse, sse2, sse3, ssse3, sse4.1, sse4.2, popcnt, lzcnt, tsc, tscinvbit, avx, avx2, aes, erms, clmul, bmi1, bmi2, adx, avx512f, avx512dq, avx512cd, avx512bw, avx512vl, sha, fma, vzeroupper, avx512_vpopcntdq, avx512_vpclmulqdq, avx512_vaes, avx512_vnni, clflush, clflushopt, clwb, avx512_vbmi2, avx512_vbmi, rdtscp, rdpid, fsrm, gfni, avx512_bitalg, f16c, pku, cet_ibt, cet_ss, avx512_ifma
Processor Information for processor 0
  Max Mhz: 2995, Current Mhz: 2995, Mhz Limit: 2995
Processor Information for processor 1
  Max Mhz: 2995, Current Mhz: 2995, Mhz Limit: 2995
Processor Information for processor 2
  Max Mhz: 2995, Current Mhz: 2995, Mhz Limit: 2995
Processor Information for processor 3
  Max Mhz: 2995, Current Mhz: 1198, Mhz Limit: 2995

Memory: 4k page, system-wide physical 7991M (509M free)
TotalPageFile size 11406M (AvailPageFile size 2M)
current process WorkingSet (physical memory assigned to process): 118M, peak: 118M
current process commit charge ("private bytes"): 235M, peak: 235M

vm_info: Java HotSpot(TM) 64-Bit Server VM (23.0.1+11-39) for windows-amd64 JRE (23.0.1+11-39), built on 2024-09-30T07:20:43Z with MS VC++ 17.6 (VS2022)

END.
